<?xml version="1.0" encoding="UTF-8"?>
<!-- Generated by org.testng.reporters.JUnitReportReporter -->
<testsuite hostname="DESKTOP-TTB3E54" failures="0" tests="5" name="JustPractice.Test1" time="0.012" errors="0" timestamp="2021-09-14T16:10:32 EDT" skipped="0">
  <testcase classname="JustPractice.Test1" name="test2" time="0.006"/>
  <system-out/>
  <testcase classname="JustPractice.Test1" name="test" time="0.002"/>
  <system-out/>
  <testcase classname="JustPractice.Test1" name="test" time="0.002"/>
  <system-out/>
  <testcase classname="JustPractice.Test1" name="test4" time="0.001"/>
  <system-out/>
  <testcase classname="JustPractice.Test1" name="test3" time="0.001"/>
  <system-out/>
</testsuite> <!-- JustPractice.Test1 -->
